<?xml version="1.0" encoding="UTF-8"?>
<!-- Generated by org.testng.reporters.JUnitXMLReporter -->
<testsuite ignored="3" hostname="LT-021" failures="1" tests="2" name="Test" time="7.964" errors="0" timestamp="2026-03-16T10:03:44 IST">
  <testcase classname="testscript.LoginTest" name="verifyWhetherUserIsAbleToLoginWithInvalidUsernameAndValidPassword" time="0.418"/>
  <testcase classname="testscript.LoginTest" name="verifyWhetherUserIsAbleToLoginWithInvalidUsernameAndValidPassword" time="0.343">
    <failure type="org.openqa.selenium.StaleElementReferenceException" message="stale element reference: stale element not found
  (Session info: chrome=146.0.7680.75)
For documentation on this error, please visit: https://www.selenium.dev/documentation/webdriver/troubleshooting/errors#stale-element-reference-exception
Build info: version: &amp;apos;4.27.0&amp;apos;, revision: &amp;apos;d6e718d134&amp;apos;
System info: os.name: &amp;apos;Windows 11&amp;apos;, os.arch: &amp;apos;x86&amp;apos;, os.version: &amp;apos;10.0&amp;apos;, java.version: &amp;apos;11.0.19&amp;apos;
Driver info: org.openqa.selenium.chrome.ChromeDriver
Command: [d726c4f6dd5a5d59d92a187382a0388e, getElementText {id=f.6E0A2B9F34957F7F2934001E95A98EBF.d.B67691440ED07158B09A2AAF1535CD55.e.20}]
Capabilities {acceptInsecureCerts: false, browserName: chrome, browserVersion: 146.0.7680.75, chrome: {chromedriverVersion: 146.0.7680.80 (f08938029c88..., userDataDir: C:\Users\thaslima\AppData\L...}, fedcm:accounts: true, goog:chromeOptions: {debuggerAddress: localhost:55211}, goog:processID: 22964, networkConnectionEnabled: false, pageLoadStrategy: normal, platformName: windows, proxy: Proxy(), se:cdp: ws://localhost:55211/devtoo..., se:cdpVersion: 146.0.7680.75, setWindowRect: true, strictFileInteractability: false, timeouts: {implicit: 0, pageLoad: 300000, script: 30000}, unhandledPromptBehavior: dismiss and notify, webauthn:extension:credBlob: true, webauthn:extension:largeBlob: true, webauthn:extension:minPinLength: true, webauthn:extension:prf: true, webauthn:virtualAuthenticators: true}
Element: [[ChromeDriver: chrome on windows (d726c4f6dd5a5d59d92a187382a0388e)] -&amp;gt; xpath: //b[text()=&amp;apos;7rmart supermarket&amp;apos;]]
Session ID: d726c4f6dd5a5d59d92a187382a0388e">
      <![CDATA[org.openqa.selenium.StaleElementReferenceException: stale element reference: stale element not found
  (Session info: chrome=146.0.7680.75)
For documentation on this error, please visit: https://www.selenium.dev/documentation/webdriver/troubleshooting/errors#stale-element-reference-exception
Build info: version: '4.27.0', revision: 'd6e718d134'
System info: os.name: 'Windows 11', os.arch: 'x86', os.version: '10.0', java.version: '11.0.19'
Driver info: org.openqa.selenium.chrome.ChromeDriver
Command: [d726c4f6dd5a5d59d92a187382a0388e, getElementText {id=f.6E0A2B9F34957F7F2934001E95A98EBF.d.B67691440ED07158B09A2AAF1535CD55.e.20}]
Capabilities {acceptInsecureCerts: false, browserName: chrome, browserVersion: 146.0.7680.75, chrome: {chromedriverVersion: 146.0.7680.80 (f08938029c88..., userDataDir: C:\Users\thaslima\AppData\L...}, fedcm:accounts: true, goog:chromeOptions: {debuggerAddress: localhost:55211}, goog:processID: 22964, networkConnectionEnabled: false, pageLoadStrategy: normal, platformName: windows, proxy: Proxy(), se:cdp: ws://localhost:55211/devtoo..., se:cdpVersion: 146.0.7680.75, setWindowRect: true, strictFileInteractability: false, timeouts: {implicit: 0, pageLoad: 300000, script: 30000}, unhandledPromptBehavior: dismiss and notify, webauthn:extension:credBlob: true, webauthn:extension:largeBlob: true, webauthn:extension:minPinLength: true, webauthn:extension:prf: true, webauthn:virtualAuthenticators: true}
Element: [[ChromeDriver: chrome on windows (d726c4f6dd5a5d59d92a187382a0388e)] -> xpath: //b[text()='7rmart supermarket']]
Session ID: d726c4f6dd5a5d59d92a187382a0388e
at org.openqa.selenium.remote.ErrorCodec.decode(ErrorCodec.java:167)
at org.openqa.selenium.remote.codec.w3c.W3CHttpResponseCodec.decode(W3CHttpResponseCodec.java:138)
at org.openqa.selenium.remote.codec.w3c.W3CHttpResponseCodec.decode(W3CHttpResponseCodec.java:50)
at org.openqa.selenium.remote.HttpCommandExecutor.execute(HttpCommandExecutor.java:190)
at org.openqa.selenium.remote.service.DriverCommandExecutor.invokeExecute(DriverCommandExecutor.java:216)
at org.openqa.selenium.remote.service.DriverCommandExecutor.execute(DriverCommandExecutor.java:174)
at org.openqa.selenium.remote.RemoteWebDriver.execute(RemoteWebDriver.java:545)
at org.openqa.selenium.remote.RemoteWebElement.execute(RemoteWebElement.java:223)
at org.openqa.selenium.remote.RemoteWebElement.getText(RemoteWebElement.java:191)
at org.openqa.selenium.support.pagefactory.internal.LocatingElementHandler.invoke(LocatingElementHandler.java:51)
at com.sun.proxy.$Proxy16.getText(Unknown Source)
at pages.LoginPage.isTextDisplayed(LoginPage.java:45)
at testscript.LoginTest.verifyWhetherUserIsAbleToLoginWithInvalidUsernameAndValidPassword(LoginTest.java:65)
at java.base/java.util.ArrayList.forEach(ArrayList.java:1541)
... Removed 35 stack frames]]>
    </failure>
  </testcase> <!-- verifyWhetherUserIsAbleToLoginWithInvalidUsernameAndValidPassword -->
  <testcase classname="testscript.LoginTest" name="verifyWhetherUserIsAbleToLoginWithValidUsernameAndInvalidPassword" time="0.0">
    <ignored/>
  </testcase> <!-- verifyWhetherUserIsAbleToLoginWithValidUsernameAndInvalidPassword -->
  <testcase classname="testscript.LoginTest" name="verifyWhetherUserIsAbleToLoginWithValidCredentials" time="0.0">
    <ignored/>
  </testcase> <!-- verifyWhetherUserIsAbleToLoginWithValidCredentials -->
  <testcase classname="testscript.LoginTest" name="verifyWhetherUserIsAbleToLoginWithInvalidCredentials" time="0.0">
    <ignored/>
  </testcase> <!-- verifyWhetherUserIsAbleToLoginWithInvalidCredentials -->
</testsuite> <!-- Test -->
