<?xml version="1.0" encoding="UTF-8"?>
<!-- Generated by org.testng.reporters.JUnitXMLReporter -->
<testsuite ignored="3" hostname="LT-021" failures="0" tests="1" name="Test" time="7.719" errors="0" timestamp="2026-03-23T19:37:46 IST">
  <testcase classname="testscript.LoginTest" name="verifyWhetherUserIsAbleToLoginWithValidCredentials" time="2.587"/>
  <testcase classname="testscript.LoginTest" name="verifyWhetherUserIsAbleToLoginWithValidUsernameAndInvalidPassword" time="0.0">
    <ignored/>
  </testcase> <!-- verifyWhetherUserIsAbleToLoginWithValidUsernameAndInvalidPassword -->
  <testcase classname="testscript.LoginTest" name="verifyWhetherUserIsAbleToLoginWithInvalidUsernameAndValidPassword" time="0.0">
    <ignored/>
  </testcase> <!-- verifyWhetherUserIsAbleToLoginWithInvalidUsernameAndValidPassword -->
  <testcase classname="testscript.LoginTest" name="verifyWhetherUserIsAbleToLoginWithInvalidCredentials" time="0.0">
    <ignored/>
  </testcase> <!-- verifyWhetherUserIsAbleToLoginWithInvalidCredentials -->
</testsuite> <!-- Test -->
