<?xml version="1.0" encoding="UTF-8"?>
<testng-results ignored="0" total="2" passed="1" failed="1" skipped="0">
  <reporter-output>
  </reporter-output>
  <suite started-at="2026-03-16T10:03:35 IST" name="Suite" finished-at="2026-03-16T10:03:43 IST" duration-ms="7964">
    <groups>
      <group name="smoke">
        <method signature="LoginTest.verifyWhetherUserIsAbleToLoginWithInvalidUsernameAndValidPassword(java.lang.String,java.lang.String)[pri:4, instance:testscript.LoginTest@148a0f9]" name="verifyWhetherUserIsAbleToLoginWithInvalidUsernameAndValidPassword" class="testscript.LoginTest"/>
      </group> <!-- smoke -->
    </groups>
    <test started-at="2026-03-16T10:03:35 IST" name="Test" finished-at="2026-03-16T10:03:43 IST" duration-ms="7964">
      <class name="testscript.LoginTest">
        <test-method is-config="true" signature="inilializeBrowser(java.lang.String)[pri:0, instance:testscript.LoginTest@148a0f9]" started-at="2026-03-16T10:03:35 IST" name="inilializeBrowser" finished-at="2026-03-16T10:03:39 IST" duration-ms="3949" status="PASS">
          <params>
            <param index="0">
              <value>
                <![CDATA[chrome]]>
              </value>
            </param>
          </params>
          <reporter-output>
          </reporter-output>
        </test-method> <!-- inilializeBrowser -->
        <test-method signature="verifyWhetherUserIsAbleToLoginWithInvalidUsernameAndValidPassword(java.lang.String,java.lang.String)[pri:4, instance:testscript.LoginTest@148a0f9]" started-at="2026-03-16T10:03:39 IST" name="verifyWhetherUserIsAbleToLoginWithInvalidUsernameAndValidPassword" description="User is trying to login with invalid username and invalid password" data-provider="loginProvider" finished-at="2026-03-16T10:03:40 IST" duration-ms="418" status="PASS">
          <params>
            <param index="0">
              <value>
                <![CDATA[admin]]>
              </value>
            </param>
            <param index="1">
              <value>
                <![CDATA[admin22]]>
              </value>
            </param>
          </params>
          <reporter-output>
          </reporter-output>
        </test-method> <!-- verifyWhetherUserIsAbleToLoginWithInvalidUsernameAndValidPassword -->
        <test-method is-config="true" signature="closeBrowser(org.testng.ITestResult)[pri:0, instance:testscript.LoginTest@148a0f9]" started-at="2026-03-16T10:03:40 IST" name="closeBrowser" finished-at="2026-03-16T10:03:40 IST" duration-ms="1" status="PASS">
          <params>
            <param index="0">
              <value>
                <![CDATA[[TestResult name=verifyWhetherUserIsAbleToLoginWithInvalidUsernameAndValidPassword status=SUCCESS method=LoginTest.verifyWhetherUserIsAbleToLoginWithInvalidUsernameAndValidPassword(java.lang.String,java.lang.String)[pri:4, instance:testscript.LoginTest@148a0f9] output={null}]]]>
              </value>
            </param>
          </params>
          <reporter-output>
          </reporter-output>
        </test-method> <!-- closeBrowser -->
        <test-method is-config="true" signature="inilializeBrowser(java.lang.String)[pri:0, instance:testscript.LoginTest@148a0f9]" started-at="2026-03-16T10:03:40 IST" name="inilializeBrowser" finished-at="2026-03-16T10:03:43 IST" duration-ms="3053" status="PASS">
          <params>
            <param index="0">
              <value>
                <![CDATA[chrome]]>
              </value>
            </param>
          </params>
          <reporter-output>
          </reporter-output>
        </test-method> <!-- inilializeBrowser -->
        <test-method signature="verifyWhetherUserIsAbleToLoginWithInvalidUsernameAndValidPassword(java.lang.String,java.lang.String)[pri:4, instance:testscript.LoginTest@148a0f9]" started-at="2026-03-16T10:03:43 IST" name="verifyWhetherUserIsAbleToLoginWithInvalidUsernameAndValidPassword" description="User is trying to login with invalid username and invalid password" data-provider="loginProvider" finished-at="2026-03-16T10:03:43 IST" duration-ms="343" status="FAIL">
          <params>
            <param index="0">
              <value>
                <![CDATA[admin123]]>
              </value>
            </param>
            <param index="1">
              <value>
                <![CDATA[123]]>
              </value>
            </param>
          </params>
          <exception class="org.openqa.selenium.StaleElementReferenceException">
            <message>
              <![CDATA[stale element reference: stale element not found
  (Session info: chrome=146.0.7680.75)
For documentation on this error, please visit: https://www.selenium.dev/documentation/webdriver/troubleshooting/errors#stale-element-reference-exception
Build info: version: '4.27.0', revision: 'd6e718d134'
System info: os.name: 'Windows 11', os.arch: 'x86', os.version: '10.0', java.version: '11.0.19'
Driver info: org.openqa.selenium.chrome.ChromeDriver
Command: [d726c4f6dd5a5d59d92a187382a0388e, getElementText {id=f.6E0A2B9F34957F7F2934001E95A98EBF.d.B67691440ED07158B09A2AAF1535CD55.e.20}]
Capabilities {acceptInsecureCerts: false, browserName: chrome, browserVersion: 146.0.7680.75, chrome: {chromedriverVersion: 146.0.7680.80 (f08938029c88..., userDataDir: C:\Users\thaslima\AppData\L...}, fedcm:accounts: true, goog:chromeOptions: {debuggerAddress: localhost:55211}, goog:processID: 22964, networkConnectionEnabled: false, pageLoadStrategy: normal, platformName: windows, proxy: Proxy(), se:cdp: ws://localhost:55211/devtoo..., se:cdpVersion: 146.0.7680.75, setWindowRect: true, strictFileInteractability: false, timeouts: {implicit: 0, pageLoad: 300000, script: 30000}, unhandledPromptBehavior: dismiss and notify, webauthn:extension:credBlob: true, webauthn:extension:largeBlob: true, webauthn:extension:minPinLength: true, webauthn:extension:prf: true, webauthn:virtualAuthenticators: true}
Element: [[ChromeDriver: chrome on windows (d726c4f6dd5a5d59d92a187382a0388e)] -> xpath: //b[text()='7rmart supermarket']]
Session ID: d726c4f6dd5a5d59d92a187382a0388e]]>
            </message>
            <full-stacktrace>
              <![CDATA[org.openqa.selenium.StaleElementReferenceException: stale element reference: stale element not found
  (Session info: chrome=146.0.7680.75)
For documentation on this error, please visit: https://www.selenium.dev/documentation/webdriver/troubleshooting/errors#stale-element-reference-exception
Build info: version: '4.27.0', revision: 'd6e718d134'
System info: os.name: 'Windows 11', os.arch: 'x86', os.version: '10.0', java.version: '11.0.19'
Driver info: org.openqa.selenium.chrome.ChromeDriver
Command: [d726c4f6dd5a5d59d92a187382a0388e, getElementText {id=f.6E0A2B9F34957F7F2934001E95A98EBF.d.B67691440ED07158B09A2AAF1535CD55.e.20}]
Capabilities {acceptInsecureCerts: false, browserName: chrome, browserVersion: 146.0.7680.75, chrome: {chromedriverVersion: 146.0.7680.80 (f08938029c88..., userDataDir: C:\Users\thaslima\AppData\L...}, fedcm:accounts: true, goog:chromeOptions: {debuggerAddress: localhost:55211}, goog:processID: 22964, networkConnectionEnabled: false, pageLoadStrategy: normal, platformName: windows, proxy: Proxy(), se:cdp: ws://localhost:55211/devtoo..., se:cdpVersion: 146.0.7680.75, setWindowRect: true, strictFileInteractability: false, timeouts: {implicit: 0, pageLoad: 300000, script: 30000}, unhandledPromptBehavior: dismiss and notify, webauthn:extension:credBlob: true, webauthn:extension:largeBlob: true, webauthn:extension:minPinLength: true, webauthn:extension:prf: true, webauthn:virtualAuthenticators: true}
Element: [[ChromeDriver: chrome on windows (d726c4f6dd5a5d59d92a187382a0388e)] -> xpath: //b[text()='7rmart supermarket']]
Session ID: d726c4f6dd5a5d59d92a187382a0388e
at java.base/jdk.internal.reflect.NativeConstructorAccessorImpl.newInstance0(Native Method)
at java.base/jdk.internal.reflect.NativeConstructorAccessorImpl.newInstance(NativeConstructorAccessorImpl.java:62)
at java.base/jdk.internal.reflect.DelegatingConstructorAccessorImpl.newInstance(DelegatingConstructorAccessorImpl.java:45)
at java.base/java.lang.reflect.Constructor.newInstance(Constructor.java:490)
at org.openqa.selenium.remote.ErrorCodec.decode(ErrorCodec.java:167)
at org.openqa.selenium.remote.codec.w3c.W3CHttpResponseCodec.decode(W3CHttpResponseCodec.java:138)
at org.openqa.selenium.remote.codec.w3c.W3CHttpResponseCodec.decode(W3CHttpResponseCodec.java:50)
at org.openqa.selenium.remote.HttpCommandExecutor.execute(HttpCommandExecutor.java:190)
at org.openqa.selenium.remote.service.DriverCommandExecutor.invokeExecute(DriverCommandExecutor.java:216)
at org.openqa.selenium.remote.service.DriverCommandExecutor.execute(DriverCommandExecutor.java:174)
at org.openqa.selenium.remote.RemoteWebDriver.execute(RemoteWebDriver.java:545)
at org.openqa.selenium.remote.RemoteWebElement.execute(RemoteWebElement.java:223)
at org.openqa.selenium.remote.RemoteWebElement.getText(RemoteWebElement.java:191)
at java.base/jdk.internal.reflect.NativeMethodAccessorImpl.invoke0(Native Method)
at java.base/jdk.internal.reflect.NativeMethodAccessorImpl.invoke(NativeMethodAccessorImpl.java:62)
at java.base/jdk.internal.reflect.DelegatingMethodAccessorImpl.invoke(DelegatingMethodAccessorImpl.java:43)
at java.base/java.lang.reflect.Method.invoke(Method.java:566)
at org.openqa.selenium.support.pagefactory.internal.LocatingElementHandler.invoke(LocatingElementHandler.java:51)
at com.sun.proxy.$Proxy16.getText(Unknown Source)
at pages.LoginPage.isTextDisplayed(LoginPage.java:45)
at testscript.LoginTest.verifyWhetherUserIsAbleToLoginWithInvalidUsernameAndValidPassword(LoginTest.java:65)
at java.base/jdk.internal.reflect.NativeMethodAccessorImpl.invoke0(Native Method)
at java.base/jdk.internal.reflect.NativeMethodAccessorImpl.invoke(NativeMethodAccessorImpl.java:62)
at java.base/jdk.internal.reflect.DelegatingMethodAccessorImpl.invoke(DelegatingMethodAccessorImpl.java:43)
at java.base/java.lang.reflect.Method.invoke(Method.java:566)
at org.testng.internal.invokers.MethodInvocationHelper.invokeMethod(MethodInvocationHelper.java:141)
at org.testng.internal.invokers.TestInvoker.invokeMethod(TestInvoker.java:686)
at org.testng.internal.invokers.TestInvoker.invokeTestMethod(TestInvoker.java:230)
at org.testng.internal.invokers.MethodRunner.runInSequence(MethodRunner.java:63)
at org.testng.internal.invokers.TestInvoker$MethodInvocationAgent.invoke(TestInvoker.java:992)
at org.testng.internal.invokers.TestInvoker.invokeTestMethods(TestInvoker.java:203)
at org.testng.internal.invokers.TestMethodWorker.invokeTestMethods(TestMethodWorker.java:154)
at org.testng.internal.invokers.TestMethodWorker.run(TestMethodWorker.java:134)
at java.base/java.util.ArrayList.forEach(ArrayList.java:1541)
at org.testng.TestRunner.privateRun(TestRunner.java:739)
at org.testng.TestRunner.run(TestRunner.java:614)
at org.testng.SuiteRunner.runTest(SuiteRunner.java:421)
at org.testng.SuiteRunner.runSequentially(SuiteRunner.java:413)
at org.testng.SuiteRunner.privateRun(SuiteRunner.java:373)
at org.testng.SuiteRunner.run(SuiteRunner.java:312)
at org.testng.SuiteRunnerWorker.runSuite(SuiteRunnerWorker.java:52)
at org.testng.SuiteRunnerWorker.run(SuiteRunnerWorker.java:95)
at org.testng.TestNG.runSuitesSequentially(TestNG.java:1274)
at org.testng.TestNG.runSuitesLocally(TestNG.java:1208)
at org.testng.TestNG.runSuites(TestNG.java:1112)
at org.testng.TestNG.run(TestNG.java:1079)
at org.testng.remote.AbstractRemoteTestNG.run(AbstractRemoteTestNG.java:115)
at org.testng.remote.RemoteTestNG.initAndRun(RemoteTestNG.java:293)
at org.testng.remote.RemoteTestNG.main(RemoteTestNG.java:91)
]]>
            </full-stacktrace>
          </exception> <!-- org.openqa.selenium.StaleElementReferenceException -->
          <reporter-output>
          </reporter-output>
        </test-method> <!-- verifyWhetherUserIsAbleToLoginWithInvalidUsernameAndValidPassword -->
        <test-method is-config="true" signature="closeBrowser(org.testng.ITestResult)[pri:0, instance:testscript.LoginTest@148a0f9]" started-at="2026-03-16T10:03:43 IST" name="closeBrowser" finished-at="2026-03-16T10:03:43 IST" duration-ms="119" status="PASS">
          <params>
            <param index="0">
              <value>
                <![CDATA[[TestResult name=verifyWhetherUserIsAbleToLoginWithInvalidUsernameAndValidPassword status=FAILURE method=LoginTest.verifyWhetherUserIsAbleToLoginWithInvalidUsernameAndValidPassword(java.lang.String,java.lang.String)[pri:4, instance:testscript.LoginTest@148a0f9] output={null}]]]>
              </value>
            </param>
          </params>
          <reporter-output>
          </reporter-output>
        </test-method> <!-- closeBrowser -->
      </class> <!-- testscript.LoginTest -->
    </test> <!-- Test -->
  </suite> <!-- Suite -->
</testng-results>
