<?xml version="1.0" encoding="UTF-8"?>
<testng-results ignored="0" total="1" passed="1" failed="0" skipped="0">
  <reporter-output>
  </reporter-output>
  <suite started-at="2026-03-23T19:37:38 IST" name="Suite" finished-at="2026-03-23T19:37:46 IST" duration-ms="7719">
    <groups>
      <group name="smoke">
        <method signature="LoginTest.verifyWhetherUserIsAbleToLoginWithValidCredentials()[pri:1, instance:testscript.LoginTest@448c8166]" name="verifyWhetherUserIsAbleToLoginWithValidCredentials" class="testscript.LoginTest"/>
      </group> <!-- smoke -->
    </groups>
    <test started-at="2026-03-23T19:37:38 IST" name="Test" finished-at="2026-03-23T19:37:46 IST" duration-ms="7719">
      <class name="testscript.LoginTest">
        <test-method is-config="true" signature="inilializeBrowser(java.lang.String)[pri:0, instance:testscript.LoginTest@448c8166]" started-at="2026-03-23T19:37:38 IST" name="inilializeBrowser" finished-at="2026-03-23T19:37:43 IST" duration-ms="5068" status="PASS">
          <params>
            <param index="0">
              <value>
                <![CDATA[chrome]]>
              </value>
            </param>
          </params>
          <reporter-output>
          </reporter-output>
        </test-method> <!-- inilializeBrowser -->
        <test-method signature="verifyWhetherUserIsAbleToLoginWithValidCredentials()[pri:1, instance:testscript.LoginTest@448c8166]" started-at="2026-03-23T19:37:43 IST" name="verifyWhetherUserIsAbleToLoginWithValidCredentials" description="User is trying to login with valid credentials" finished-at="2026-03-23T19:37:46 IST" duration-ms="2587" status="PASS">
          <reporter-output>
          </reporter-output>
        </test-method> <!-- verifyWhetherUserIsAbleToLoginWithValidCredentials -->
        <test-method is-config="true" signature="closeBrowser(org.testng.ITestResult)[pri:0, instance:testscript.LoginTest@448c8166]" started-at="2026-03-23T19:37:46 IST" name="closeBrowser" finished-at="2026-03-23T19:37:46 IST" duration-ms="6" status="PASS">
          <params>
            <param index="0">
              <value>
                <![CDATA[[TestResult name=verifyWhetherUserIsAbleToLoginWithValidCredentials status=SUCCESS method=LoginTest.verifyWhetherUserIsAbleToLoginWithValidCredentials()[pri:1, instance:testscript.LoginTest@448c8166] output={null}]]]>
              </value>
            </param>
          </params>
          <reporter-output>
          </reporter-output>
        </test-method> <!-- closeBrowser -->
      </class> <!-- testscript.LoginTest -->
    </test> <!-- Test -->
  </suite> <!-- Suite -->
</testng-results>
