<?xml version="1.0" encoding="UTF-8"?>
<!-- Generated by org.testng.reporters.JUnitXMLReporter -->
<testsuite ignored="1" hostname="LT-021" failures="0" tests="1" name="FirefoxTest" time="14.604" errors="0" timestamp="2026-03-12T10:14:51 IST">
  <testcase classname="testscript.ManageNewsTest" name="verifyWhetheUserCanSearchNews" time="6.888"/>
  <testcase classname="testscript.ManageNewsTest" name="verifyIfUserIsAbleToAddnewNews" time="0.0">
    <ignored/>
  </testcase> <!-- verifyIfUserIsAbleToAddnewNews -->
</testsuite> <!-- FirefoxTest -->
